<?xml version="1.0" encoding="UTF-8"?>
<!-- Generated by org.testng.reporters.JUnitReportReporter -->
<testsuite skipped="0" hostname="MTLP-604" name="samplerestapi.DynamicJson" tests="1" failures="0" timestamp="2021-04-30T12:41:22 IST" time="2.701" errors="0">
  <testcase name="Deletebook" time="2.701" classname="samplerestapi.DynamicJson"/>
  <system-out/>
</testsuite> <!-- samplerestapi.DynamicJson -->
